\BOOKMARK [1][-]{section.1}{\376\377\000I\000n\000t\000r\000o\000d\000u\000c\000t\000i\000o\000n}{}% 1
\BOOKMARK [1][-]{section.2}{\376\377\000B\000a\000c\000k\000g\000r\000o\000u\000n\000d}{}% 2
\BOOKMARK [2][-]{subsection.2.1}{\376\377\000W\000h\000a\000t\000\040\000i\000s\000\040\000a\000\040\000g\000o\000o\000d\000\040\000c\000u\000r\000r\000e\000n\000c\000y\000?}{section.2}% 3
\BOOKMARK [2][-]{subsection.2.2}{\376\377\000W\000h\000a\000t\000\040\000d\000e\000t\000e\000r\000m\000i\000n\000e\000s\000\040\000t\000h\000e\000\040\000p\000r\000i\000c\000e\000\040\000o\000f\000\040\000a\000n\000\040\000a\000s\000s\000e\000t\000?}{section.2}% 4
\BOOKMARK [2][-]{subsection.2.3}{\376\377\000T\000r\000a\000d\000i\000t\000i\000o\000n\000a\000l\000\040\000m\000e\000a\000n\000s\000\040\000o\000f\000\040\000s\000t\000a\000b\000i\000l\000i\000s\000i\000n\000g\000\040\000a\000\040\000c\000u\000r\000r\000e\000n\000c\000y}{section.2}% 5
\BOOKMARK [2][-]{subsection.2.4}{\376\377\000M\000a\000k\000i\000n\000g\000\040\000a\000\040\000m\000a\000r\000k\000e\000t}{section.2}% 6
\BOOKMARK [1][-]{section.3}{\376\377\000S\000t\000a\000b\000i\000l\000i\000s\000a\000t\000i\000o\000n\000\040\000b\000y\000\040\000C\000e\000n\000t\000r\000a\000l\000i\000s\000a\000t\000i\000o\000n}{}% 7
\BOOKMARK [2][-]{subsection.3.1}{\376\377\000T\000h\000e\000\040\000r\000e\000s\000e\000r\000v\000e\000\040\000b\000a\000n\000k\000\040\000s\000t\000a\000b\000l\000e\000c\000o\000i\000n}{section.3}% 8
\BOOKMARK [2][-]{subsection.3.2}{\376\377\000P\000e\000g\000g\000e\000d\000\040\000b\000y\000\040\000c\000u\000r\000r\000e\000n\000c\000y\000\040\000r\000e\000s\000e\000r\000v\000e\000s}{section.3}% 9
\BOOKMARK [3][-]{subsubsection.3.2.3}{\376\377\000E\000x\000p\000a\000n\000s\000i\000o\000n\000s\000\040\000o\000n\000\040\000f\000i\000a\000t\000-\000c\000u\000r\000r\000e\000n\000c\000y\000\040\000p\000e\000g\000g\000i\000n\000g}{subsection.3.2}% 12
\BOOKMARK [3][-]{subsubsection.3.2.4}{\376\377\000O\000v\000e\000r\000v\000i\000e\000w\000\040\000o\000f\000\040\000t\000h\000e\000\040\000l\000a\000r\000g\000e\000s\000t\000\040\000s\000t\000a\000b\000l\000e\000c\000o\000i\000n\000s}{subsection.3.2}% 13
\BOOKMARK [1][-]{section.4}{\376\377\000S\000t\000a\000b\000i\000l\000i\000s\000e\000d\000\040\000w\000h\000i\000l\000e\000\040\000D\000e\000c\000e\000n\000t\000r\000a\000l\000i\000s\000e\000d}{}% 14
\BOOKMARK [2][-]{subsection.4.1}{\376\377\000C\000r\000y\000p\000t\000o\000-\000C\000o\000l\000l\000a\000t\000e\000r\000a\000l\000i\000z\000e\000d\000\040\000S\000t\000a\000b\000l\000e\000c\000o\000i\000n\000s}{section.4}% 15
\BOOKMARK [3][-]{subsubsection.4.1.1}{\376\377\000G\000o\000v\000e\000r\000n\000a\000n\000c\000e}{subsection.4.1}% 16
\BOOKMARK [3][-]{subsubsection.4.1.2}{\376\377\000M\000i\000n\000i\000m\000u\000m\000\040\000C\000o\000l\000l\000a\000t\000e\000r\000a\000l\000i\000z\000a\000t\000i\000o\000n\000\040\000R\000a\000t\000i\000o}{subsection.4.1}% 17
\BOOKMARK [3][-]{subsubsection.4.1.3}{\376\377\000M\000e\000c\000h\000a\000n\000i\000s\000m\000\040\000f\000o\000r\000\040\000s\000p\000e\000c\000u\000l\000a\000t\000o\000r\000\040\000t\000o\000\040\000i\000n\000v\000e\000s\000t\000o\000r\000\040\000m\000a\000t\000c\000h\000\040\000m\000a\000k\000i\000n\000g}{subsection.4.1}% 18
\BOOKMARK [3][-]{subsubsection.4.1.4}{\376\377\000O\000v\000e\000r\000v\000i\000e\000w}{subsection.4.1}% 19
\BOOKMARK [2][-]{subsection.4.2}{\376\377\000N\000o\000n\000-\000c\000o\000l\000l\000a\000t\000e\000r\000a\000l\000i\000z\000e\000d\000\040\000S\000t\000a\000b\000l\000e\000c\000o\000i\000n\000s}{section.4}% 20
\BOOKMARK [3][-]{subsubsection.4.2.1}{\376\377\000S\000e\000c\000u\000r\000i\000t\000i\000e\000s\000\040\000m\000o\000d\000e\000l}{subsection.4.2}% 21
\BOOKMARK [3][-]{table.3}{\376\377\000O\000v\000e\000r\000v\000i\000e\000w\000\040\000o\000f\000\040\000r\000e\000a\000l\000\040\000w\000o\000r\000l\000d\000\040\000n\000o\000n\000-\000c\000o\000l\000l\000a\000t\000e\000r\000a\000l\000i\000z\000e\000d\000\040\000s\000t\000a\000b\000i\000l\000i\000s\000i\000n\000g}{subsection.4.2}% 22
\BOOKMARK [2][-]{subsection.4.3}{\376\377\000O\000r\000a\000c\000l\000e\000s}{section.4}% 23
\BOOKMARK [2][-]{subsection.4.4}{\376\377\000G\000e\000n\000e\000r\000a\000l\000\040\000t\000e\000c\000h\000n\000i\000q\000u\000e\000s\000\040\000f\000o\000r\000\040\000a\000d\000d\000i\000n\000g\000\040\000s\000t\000a\000b\000i\000l\000i\000t\000y\000\040\000t\000o\000\040\000a\000n\000y\000\040\000c\000u\000r\000r\000e\000n\000c\000y}{section.4}% 24
\BOOKMARK [3][-]{subsubsection.4.4.1}{\376\377\000C\000h\000a\000n\000g\000i\000n\000g\000\040\000p\000r\000o\000o\000f\000\040\000o\000f\000\040\000w\000o\000r\000k\000\040\000p\000a\000r\000a\000m\000e\000t\000e\000r\000s\000\040\000t\000o\000\040\000d\000a\000m\000p\000e\000n\000\040\000d\000e\000m\000a\000n\000d\000\040\000s\000h\000o\000c\000k\000s}{subsection.4.4}% 25
\BOOKMARK [3][-]{subsubsection.4.4.2}{\376\377\000A\000l\000l\000o\000w\000i\000n\000g\000\040\000f\000o\000r\000\040\000i\000n\000f\000l\000a\000t\000i\000o\000n}{subsection.4.4}% 26
\BOOKMARK [3][-]{subsubsection.4.4.3}{\376\377\000O\000p\000e\000n\000\040\000m\000i\000n\000i\000n\000g\000\040\000u\000s\000i\000n\000g\000\040\000P\000r\000o\000o\000f\000\040\000o\000f\000\040\000S\000e\000q\000u\000e\000n\000t\000i\000a\000l\000\040\000W\000o\000r\000k}{subsection.4.4}% 27
\BOOKMARK [1][-]{section.5}{\376\377\000D\000i\000s\000c\000u\000s\000s\000i\000o\000n\000s\000\040\000o\000f\000\040\000S\000t\000a\000b\000l\000e\000c\000o\000i\000n\000s}{}% 28
\BOOKMARK [2][-]{subsection.5.1}{\376\377\000C\000e\000n\000t\000r\000a\000l\000i\000s\000e\000d\000\040\000S\000t\000a\000b\000l\000e\000c\000o\000i\000n\000s}{section.5}% 29
\BOOKMARK [2][-]{subsection.5.2}{\376\377\000C\000r\000y\000p\000t\000o\000\040\000C\000o\000l\000l\000a\000t\000e\000r\000a\000l\000i\000z\000e\000d\000\040\000S\000t\000a\000b\000l\000e\000c\000o\000i\000n\000s}{section.5}% 30
\BOOKMARK [2][-]{subsection.5.3}{\376\377\000R\000e\000l\000a\000t\000e\000d\000\040\000W\000o\000r\000k}{section.5}% 31
\BOOKMARK [3][-]{subsubsection.5.3.1}{\376\377\000S\000u\000r\000v\000e\000y\000i\000n\000g\000\040\000t\000h\000e\000\040\000s\000t\000a\000b\000l\000e\000c\000o\000i\000n\000\040\000s\000p\000a\000c\000e}{subsection.5.3}% 32
\BOOKMARK [3][-]{subsubsection.5.3.2}{\376\377\000S\000p\000e\000c\000u\000l\000a\000t\000i\000n\000g\000\040\000o\000n\000\040\000t\000h\000e\000\040\000f\000u\000t\000u\000r\000e\000\040\000o\000f\000\040\000s\000t\000a\000b\000l\000e\000c\000o\000i\000n\000s}{subsection.5.3}% 33
\BOOKMARK [3][-]{subsubsection.5.3.3}{\376\377\000C\000r\000i\000t\000i\000q\000u\000e\000s\000\040\000o\000f\000\040\000c\000o\000m\000m\000o\000n\000\040\000t\000e\000c\000h\000n\000i\000q\000u\000e\000s\000\040\000f\000o\000r\000\040\000c\000r\000y\000p\000t\000o\000c\000u\000r\000r\000e\000n\000c\000y\000\040\000s\000t\000a\000b\000i\000l\000i\000s\000a\000t\000i\000o\000n}{subsection.5.3}% 34
\BOOKMARK [1][-]{section.6}{\376\377\000C\000o\000n\000c\000l\000u\000s\000i\000o\000n}{}% 35
\BOOKMARK [1][-]{section*.1}{\376\377\000R\000e\000f\000e\000r\000e\000n\000c\000e\000s}{}% 36
